<?xml version="1.0" encoding="UTF-8"?>
<!-- Generated by org.testng.reporters.JUnitReportReporter -->
<testsuite skipped="0" hostname="DESKTOP-UR7GL38" name="com.anthony.testCases.TC_NewCustomer_004" tests="1" failures="0" timestamp="22 Dec 2018 07:54:18 GMT" time="71.782" errors="0">
  <testcase name="NewCustomer" time="71.782" classname="com.anthony.testCases.TC_NewCustomer_004"/>
</testsuite> <!-- com.anthony.testCases.TC_NewCustomer_004 -->
